2025-02-26 23:13:16,367 [Worker-1: Loading available Gradle versions] INFO  o.e.b.c.i.u.g.PublishedGradleVersions - Gradle version information cache is not available. Remote download required.
2025-02-26 23:22:23,794 [Worker-6: Launching mavenrun-8aeb94c8-d170-43ad-b03f-e19e57bc823a] INFO  o.eclipse.m2e.core.internal.Bundles - getClasspathEntries(Bundle=org.eclipse.m2e.maven.runtime_3.9.900.20240824-1409 [817])
2025-02-26 23:22:23,797 [Worker-6: Launching mavenrun-8aeb94c8-d170-43ad-b03f-e19e57bc823a] INFO  o.eclipse.m2e.core.internal.Bundles - 	Entry: /home/cain/.p2/pool/plugins/org.eclipse.m2e.maven.runtime_3.9.900.20240824-1409
2025-02-26 23:22:23,797 [Worker-6: Launching mavenrun-8aeb94c8-d170-43ad-b03f-e19e57bc823a] INFO  o.eclipse.m2e.core.internal.Bundles - 	Entry: /home/cain/.p2/pool/plugins/org.eclipse.m2e.maven.runtime_3.9.900.20240824-1409/jars/aopalliance-1.0.jar
2025-02-26 23:22:23,797 [Worker-6: Launching mavenrun-8aeb94c8-d170-43ad-b03f-e19e57bc823a] INFO  o.eclipse.m2e.core.internal.Bundles - 	Entry: /home/cain/.p2/pool/plugins/org.eclipse.m2e.maven.runtime_3.9.900.20240824-1409/jars/guice-5.1.0.jar
2025-02-26 23:22:23,797 [Worker-6: Launching mavenrun-8aeb94c8-d170-43ad-b03f-e19e57bc823a] INFO  o.eclipse.m2e.core.internal.Bundles - 	Entry: /home/cain/.p2/pool/plugins/org.eclipse.m2e.maven.runtime_3.9.900.20240824-1409/jars/httpclient-4.5.14.jar
2025-02-26 23:22:23,797 [Worker-6: Launching mavenrun-8aeb94c8-d170-43ad-b03f-e19e57bc823a] INFO  o.eclipse.m2e.core.internal.Bundles - 	Entry: /home/cain/.p2/pool/plugins/org.eclipse.m2e.maven.runtime_3.9.900.20240824-1409/jars/httpcore-4.4.16.jar
2025-02-26 23:22:23,797 [Worker-6: Launching mavenrun-8aeb94c8-d170-43ad-b03f-e19e57bc823a] INFO  o.eclipse.m2e.core.internal.Bundles - 	Entry: /home/cain/.p2/pool/plugins/org.eclipse.m2e.maven.runtime_3.9.900.20240824-1409/jars/jansi-2.4.1.jar
2025-02-26 23:22:23,797 [Worker-6: Launching mavenrun-8aeb94c8-d170-43ad-b03f-e19e57bc823a] INFO  o.eclipse.m2e.core.internal.Bundles - 	Entry: /home/cain/.p2/pool/plugins/org.eclipse.m2e.maven.runtime_3.9.900.20240824-1409/jars/jcl-over-slf4j-1.7.36.jar
2025-02-26 23:22:23,797 [Worker-6: Launching mavenrun-8aeb94c8-d170-43ad-b03f-e19e57bc823a] INFO  o.eclipse.m2e.core.internal.Bundles - 	Entry: /home/cain/.p2/pool/plugins/org.eclipse.m2e.maven.runtime_3.9.900.20240824-1409/jars/maven-artifact-3.9.9.jar
2025-02-26 23:22:23,798 [Worker-6: Launching mavenrun-8aeb94c8-d170-43ad-b03f-e19e57bc823a] INFO  o.eclipse.m2e.core.internal.Bundles - 	Entry: /home/cain/.p2/pool/plugins/org.eclipse.m2e.maven.runtime_3.9.900.20240824-1409/jars/maven-builder-support-3.9.9.jar
2025-02-26 23:22:23,798 [Worker-6: Launching mavenrun-8aeb94c8-d170-43ad-b03f-e19e57bc823a] INFO  o.eclipse.m2e.core.internal.Bundles - 	Entry: /home/cain/.p2/pool/plugins/org.eclipse.m2e.maven.runtime_3.9.900.20240824-1409/jars/maven-compat-3.9.9.jar
2025-02-26 23:22:23,798 [Worker-6: Launching mavenrun-8aeb94c8-d170-43ad-b03f-e19e57bc823a] INFO  o.eclipse.m2e.core.internal.Bundles - 	Entry: /home/cain/.p2/pool/plugins/org.eclipse.m2e.maven.runtime_3.9.900.20240824-1409/jars/maven-core-3.9.9.jar
2025-02-26 23:22:23,798 [Worker-6: Launching mavenrun-8aeb94c8-d170-43ad-b03f-e19e57bc823a] INFO  o.eclipse.m2e.core.internal.Bundles - 	Entry: /home/cain/.p2/pool/plugins/org.eclipse.m2e.maven.runtime_3.9.900.20240824-1409/jars/maven-embedder-3.9.9.jar
2025-02-26 23:22:23,798 [Worker-6: Launching mavenrun-8aeb94c8-d170-43ad-b03f-e19e57bc823a] INFO  o.eclipse.m2e.core.internal.Bundles - 	Entry: /home/cain/.p2/pool/plugins/org.eclipse.m2e.maven.runtime_3.9.900.20240824-1409/jars/maven-model-3.9.9.jar
2025-02-26 23:22:23,798 [Worker-6: Launching mavenrun-8aeb94c8-d170-43ad-b03f-e19e57bc823a] INFO  o.eclipse.m2e.core.internal.Bundles - 	Entry: /home/cain/.p2/pool/plugins/org.eclipse.m2e.maven.runtime_3.9.900.20240824-1409/jars/maven-model-builder-3.9.9.jar
2025-02-26 23:22:23,798 [Worker-6: Launching mavenrun-8aeb94c8-d170-43ad-b03f-e19e57bc823a] INFO  o.eclipse.m2e.core.internal.Bundles - 	Entry: /home/cain/.p2/pool/plugins/org.eclipse.m2e.maven.runtime_3.9.900.20240824-1409/jars/maven-plugin-api-3.9.9.jar
2025-02-26 23:22:23,798 [Worker-6: Launching mavenrun-8aeb94c8-d170-43ad-b03f-e19e57bc823a] INFO  o.eclipse.m2e.core.internal.Bundles - 	Entry: /home/cain/.p2/pool/plugins/org.eclipse.m2e.maven.runtime_3.9.900.20240824-1409/jars/maven-repository-metadata-3.9.9.jar
2025-02-26 23:22:23,798 [Worker-6: Launching mavenrun-8aeb94c8-d170-43ad-b03f-e19e57bc823a] INFO  o.eclipse.m2e.core.internal.Bundles - 	Entry: /home/cain/.p2/pool/plugins/org.eclipse.m2e.maven.runtime_3.9.900.20240824-1409/jars/maven-resolver-api-1.9.22.jar
2025-02-26 23:22:23,798 [Worker-6: Launching mavenrun-8aeb94c8-d170-43ad-b03f-e19e57bc823a] INFO  o.eclipse.m2e.core.internal.Bundles - 	Entry: /home/cain/.p2/pool/plugins/org.eclipse.m2e.maven.runtime_3.9.900.20240824-1409/jars/maven-resolver-connector-basic-1.9.22.jar
2025-02-26 23:22:23,798 [Worker-6: Launching mavenrun-8aeb94c8-d170-43ad-b03f-e19e57bc823a] INFO  o.eclipse.m2e.core.internal.Bundles - 	Entry: /home/cain/.p2/pool/plugins/org.eclipse.m2e.maven.runtime_3.9.900.20240824-1409/jars/maven-resolver-impl-1.9.22.jar
2025-02-26 23:22:23,798 [Worker-6: Launching mavenrun-8aeb94c8-d170-43ad-b03f-e19e57bc823a] INFO  o.eclipse.m2e.core.internal.Bundles - 	Entry: /home/cain/.p2/pool/plugins/org.eclipse.m2e.maven.runtime_3.9.900.20240824-1409/jars/maven-resolver-named-locks-1.9.22.jar
2025-02-26 23:22:23,798 [Worker-6: Launching mavenrun-8aeb94c8-d170-43ad-b03f-e19e57bc823a] INFO  o.eclipse.m2e.core.internal.Bundles - 	Entry: /home/cain/.p2/pool/plugins/org.eclipse.m2e.maven.runtime_3.9.900.20240824-1409/jars/maven-resolver-provider-3.9.9.jar
2025-02-26 23:22:23,798 [Worker-6: Launching mavenrun-8aeb94c8-d170-43ad-b03f-e19e57bc823a] INFO  o.eclipse.m2e.core.internal.Bundles - 	Entry: /home/cain/.p2/pool/plugins/org.eclipse.m2e.maven.runtime_3.9.900.20240824-1409/jars/maven-resolver-spi-1.9.22.jar
2025-02-26 23:22:23,798 [Worker-6: Launching mavenrun-8aeb94c8-d170-43ad-b03f-e19e57bc823a] INFO  o.eclipse.m2e.core.internal.Bundles - 	Entry: /home/cain/.p2/pool/plugins/org.eclipse.m2e.maven.runtime_3.9.900.20240824-1409/jars/maven-resolver-transport-file-1.9.22.jar
2025-02-26 23:22:23,798 [Worker-6: Launching mavenrun-8aeb94c8-d170-43ad-b03f-e19e57bc823a] INFO  o.eclipse.m2e.core.internal.Bundles - 	Entry: /home/cain/.p2/pool/plugins/org.eclipse.m2e.maven.runtime_3.9.900.20240824-1409/jars/maven-resolver-transport-http-1.9.22.jar
2025-02-26 23:22:23,799 [Worker-6: Launching mavenrun-8aeb94c8-d170-43ad-b03f-e19e57bc823a] INFO  o.eclipse.m2e.core.internal.Bundles - 	Entry: /home/cain/.p2/pool/plugins/org.eclipse.m2e.maven.runtime_3.9.900.20240824-1409/jars/maven-resolver-transport-wagon-1.9.22.jar
2025-02-26 23:22:23,799 [Worker-6: Launching mavenrun-8aeb94c8-d170-43ad-b03f-e19e57bc823a] INFO  o.eclipse.m2e.core.internal.Bundles - 	Entry: /home/cain/.p2/pool/plugins/org.eclipse.m2e.maven.runtime_3.9.900.20240824-1409/jars/maven-resolver-util-1.9.22.jar
2025-02-26 23:22:23,799 [Worker-6: Launching mavenrun-8aeb94c8-d170-43ad-b03f-e19e57bc823a] INFO  o.eclipse.m2e.core.internal.Bundles - 	Entry: /home/cain/.p2/pool/plugins/org.eclipse.m2e.maven.runtime_3.9.900.20240824-1409/jars/maven-settings-3.9.9.jar
2025-02-26 23:22:23,799 [Worker-6: Launching mavenrun-8aeb94c8-d170-43ad-b03f-e19e57bc823a] INFO  o.eclipse.m2e.core.internal.Bundles - 	Entry: /home/cain/.p2/pool/plugins/org.eclipse.m2e.maven.runtime_3.9.900.20240824-1409/jars/maven-settings-builder-3.9.9.jar
2025-02-26 23:22:23,799 [Worker-6: Launching mavenrun-8aeb94c8-d170-43ad-b03f-e19e57bc823a] INFO  o.eclipse.m2e.core.internal.Bundles - 	Entry: /home/cain/.p2/pool/plugins/org.eclipse.m2e.maven.runtime_3.9.900.20240824-1409/jars/maven-shared-utils-3.4.2.jar
2025-02-26 23:22:23,799 [Worker-6: Launching mavenrun-8aeb94c8-d170-43ad-b03f-e19e57bc823a] INFO  o.eclipse.m2e.core.internal.Bundles - 	Entry: /home/cain/.p2/pool/plugins/org.eclipse.m2e.maven.runtime_3.9.900.20240824-1409/jars/org.eclipse.sisu.inject-0.9.0.M3.jar
2025-02-26 23:22:23,799 [Worker-6: Launching mavenrun-8aeb94c8-d170-43ad-b03f-e19e57bc823a] INFO  o.eclipse.m2e.core.internal.Bundles - 	Entry: /home/cain/.p2/pool/plugins/org.eclipse.m2e.maven.runtime_3.9.900.20240824-1409/jars/org.eclipse.sisu.plexus-0.9.0.M3.jar
2025-02-26 23:22:23,799 [Worker-6: Launching mavenrun-8aeb94c8-d170-43ad-b03f-e19e57bc823a] INFO  o.eclipse.m2e.core.internal.Bundles - 	Entry: /home/cain/.p2/pool/plugins/org.eclipse.m2e.maven.runtime_3.9.900.20240824-1409/jars/plexus-build-api-0.0.7.jar
2025-02-26 23:22:23,800 [Worker-6: Launching mavenrun-8aeb94c8-d170-43ad-b03f-e19e57bc823a] INFO  o.eclipse.m2e.core.internal.Bundles - 	Entry: /home/cain/.p2/pool/plugins/org.eclipse.m2e.maven.runtime_3.9.900.20240824-1409/jars/plexus-build-api-1.2.0.jar
2025-02-26 23:22:23,800 [Worker-6: Launching mavenrun-8aeb94c8-d170-43ad-b03f-e19e57bc823a] INFO  o.eclipse.m2e.core.internal.Bundles - 	Entry: /home/cain/.p2/pool/plugins/org.eclipse.m2e.maven.runtime_3.9.900.20240824-1409/jars/plexus-cipher-2.0.jar
2025-02-26 23:22:23,800 [Worker-6: Launching mavenrun-8aeb94c8-d170-43ad-b03f-e19e57bc823a] INFO  o.eclipse.m2e.core.internal.Bundles - 	Entry: /home/cain/.p2/pool/plugins/org.eclipse.m2e.maven.runtime_3.9.900.20240824-1409/jars/plexus-classworlds-2.8.0.jar
2025-02-26 23:22:23,801 [Worker-6: Launching mavenrun-8aeb94c8-d170-43ad-b03f-e19e57bc823a] INFO  o.eclipse.m2e.core.internal.Bundles - 	Entry: /home/cain/.p2/pool/plugins/org.eclipse.m2e.maven.runtime_3.9.900.20240824-1409/jars/plexus-component-annotations-2.1.0.jar
2025-02-26 23:22:23,801 [Worker-6: Launching mavenrun-8aeb94c8-d170-43ad-b03f-e19e57bc823a] INFO  o.eclipse.m2e.core.internal.Bundles - 	Entry: /home/cain/.p2/pool/plugins/org.eclipse.m2e.maven.runtime_3.9.900.20240824-1409/jars/plexus-interpolation-1.27.jar
2025-02-26 23:22:23,801 [Worker-6: Launching mavenrun-8aeb94c8-d170-43ad-b03f-e19e57bc823a] INFO  o.eclipse.m2e.core.internal.Bundles - 	Entry: /home/cain/.p2/pool/plugins/org.eclipse.m2e.maven.runtime_3.9.900.20240824-1409/jars/plexus-sec-dispatcher-2.0.jar
2025-02-26 23:22:23,801 [Worker-6: Launching mavenrun-8aeb94c8-d170-43ad-b03f-e19e57bc823a] INFO  o.eclipse.m2e.core.internal.Bundles - 	Entry: /home/cain/.p2/pool/plugins/org.eclipse.m2e.maven.runtime_3.9.900.20240824-1409/jars/plexus-utils-3.5.1.jar
2025-02-26 23:22:23,801 [Worker-6: Launching mavenrun-8aeb94c8-d170-43ad-b03f-e19e57bc823a] INFO  o.eclipse.m2e.core.internal.Bundles - 	Entry: /home/cain/.p2/pool/plugins/org.eclipse.m2e.maven.runtime_3.9.900.20240824-1409/jars/plexus-xml-3.0.1.jar
2025-02-26 23:22:23,802 [Worker-6: Launching mavenrun-8aeb94c8-d170-43ad-b03f-e19e57bc823a] INFO  o.eclipse.m2e.core.internal.Bundles - 	Entry: /home/cain/.p2/pool/plugins/org.eclipse.m2e.maven.runtime_3.9.900.20240824-1409/jars/wagon-file-3.5.3.jar
2025-02-26 23:22:23,802 [Worker-6: Launching mavenrun-8aeb94c8-d170-43ad-b03f-e19e57bc823a] INFO  o.eclipse.m2e.core.internal.Bundles - 	Entry: /home/cain/.p2/pool/plugins/org.eclipse.m2e.maven.runtime_3.9.900.20240824-1409/jars/wagon-http-3.5.3.jar
2025-02-26 23:22:23,802 [Worker-6: Launching mavenrun-8aeb94c8-d170-43ad-b03f-e19e57bc823a] INFO  o.eclipse.m2e.core.internal.Bundles - 	Entry: /home/cain/.p2/pool/plugins/org.eclipse.m2e.maven.runtime_3.9.900.20240824-1409/jars/wagon-http-shared-3.5.3.jar
2025-02-26 23:22:23,802 [Worker-6: Launching mavenrun-8aeb94c8-d170-43ad-b03f-e19e57bc823a] INFO  o.eclipse.m2e.core.internal.Bundles - 	Entry: /home/cain/.p2/pool/plugins/org.eclipse.m2e.maven.runtime_3.9.900.20240824-1409/jars/wagon-provider-api-3.5.3.jar
2025-02-26 23:22:23,803 [Worker-6: Launching mavenrun-8aeb94c8-d170-43ad-b03f-e19e57bc823a] INFO  o.eclipse.m2e.core.internal.Bundles - getClasspathEntries(Bundle=com.google.guava_33.3.1.jre [530])
2025-02-26 23:22:23,804 [Worker-6: Launching mavenrun-8aeb94c8-d170-43ad-b03f-e19e57bc823a] INFO  o.eclipse.m2e.core.internal.Bundles - 	Entry: /home/cain/.p2/pool/plugins/com.google.guava_33.3.1.jre.jar
2025-02-26 23:22:23,804 [Worker-6: Launching mavenrun-8aeb94c8-d170-43ad-b03f-e19e57bc823a] INFO  o.eclipse.m2e.core.internal.Bundles - getClasspathEntries(Bundle=slf4j.api_2.0.16 [1040])
2025-02-26 23:22:23,804 [Worker-6: Launching mavenrun-8aeb94c8-d170-43ad-b03f-e19e57bc823a] INFO  o.eclipse.m2e.core.internal.Bundles - 	Entry: /home/cain/.p2/pool/plugins/slf4j.api_2.0.16.jar
2025-02-26 23:22:23,804 [Worker-6: Launching mavenrun-8aeb94c8-d170-43ad-b03f-e19e57bc823a] INFO  o.eclipse.m2e.core.internal.Bundles - getClasspathEntries(Bundle=jakarta.inject.jakarta.inject-api_1.0.5 [542])
2025-02-26 23:22:23,804 [Worker-6: Launching mavenrun-8aeb94c8-d170-43ad-b03f-e19e57bc823a] INFO  o.eclipse.m2e.core.internal.Bundles - 	Entry: /home/cain/.p2/pool/plugins/jakarta.inject.jakarta.inject-api_1.0.5.jar
2025-02-26 23:22:23,804 [Worker-6: Launching mavenrun-8aeb94c8-d170-43ad-b03f-e19e57bc823a] INFO  o.eclipse.m2e.core.internal.Bundles - getClasspathEntries(Bundle=jakarta.annotation-api_1.3.5 [540])
2025-02-26 23:22:23,804 [Worker-6: Launching mavenrun-8aeb94c8-d170-43ad-b03f-e19e57bc823a] INFO  o.eclipse.m2e.core.internal.Bundles - 	Entry: /home/cain/.p2/pool/plugins/jakarta.annotation-api_1.3.5.jar
2025-02-26 23:22:23,805 [Worker-6: Launching mavenrun-8aeb94c8-d170-43ad-b03f-e19e57bc823a] INFO  o.eclipse.m2e.core.internal.Bundles - getClasspathEntries(Bundle=org.apache.commons.cli_1.9.0 [567])
2025-02-26 23:22:23,805 [Worker-6: Launching mavenrun-8aeb94c8-d170-43ad-b03f-e19e57bc823a] INFO  o.eclipse.m2e.core.internal.Bundles - 	Entry: /home/cain/.p2/pool/plugins/org.apache.commons.cli_1.9.0.jar
2025-02-26 23:22:23,805 [Worker-6: Launching mavenrun-8aeb94c8-d170-43ad-b03f-e19e57bc823a] INFO  o.eclipse.m2e.core.internal.Bundles - getClasspathEntries(Bundle=org.apache.commons.commons-codec_1.16.0 [570])
2025-02-26 23:22:23,805 [Worker-6: Launching mavenrun-8aeb94c8-d170-43ad-b03f-e19e57bc823a] INFO  o.eclipse.m2e.core.internal.Bundles - 	Entry: /home/cain/.p2/pool/plugins/org.apache.commons.commons-codec_1.16.0.jar
2025-02-26 23:22:23,805 [Worker-6: Launching mavenrun-8aeb94c8-d170-43ad-b03f-e19e57bc823a] INFO  o.eclipse.m2e.core.internal.Bundles - getClasspathEntries(Bundle=com.google.guava.failureaccess_1.0.2 [531])
2025-02-26 23:22:23,805 [Worker-6: Launching mavenrun-8aeb94c8-d170-43ad-b03f-e19e57bc823a] INFO  o.eclipse.m2e.core.internal.Bundles - 	Entry: /home/cain/.p2/pool/plugins/com.google.guava.failureaccess_1.0.2.jar
2025-02-26 23:22:23,808 [Worker-6: Launching mavenrun-8aeb94c8-d170-43ad-b03f-e19e57bc823a] INFO  o.e.m.i.launch.MavenLaunchDelegate - Run build in "/tmp/m2e-archetypeGenerator14659962271634922421":
2025-02-26 23:22:23,815 [Worker-6: Launching mavenrun-8aeb94c8-d170-43ad-b03f-e19e57bc823a] INFO  o.e.m.i.launch.MavenLaunchDelegate -  mvn  -DjavaCompilerVersion=17 -DjunitVersion=5.11.0 -DarchetypeGroupId=org.apache.maven.archetypes -DarchetypeArtifactId=maven-archetype-quickstart -DarchetypeVersion=1.5 -DgroupId=com.games.app -DartifactId=UNO -Dversion=0.0.1-SNAPSHOT -Dpackage=com.games.app.UNO -DoutputDirectory=/home/cain/uno -Dstyle.color=always -U archetype:generate
2025-02-26 23:23:42,594 [Worker-13: Creating maven-archetype-quickstart] INFO  o.e.m.c.i.p.ProjectConfigurationManager - Collecting project info '/pom.xml' /home/cain/uno/UNO/pom.xml
2025-02-26 23:23:43,796 [Worker-13: Creating maven-archetype-quickstart] INFO  o.e.m.c.i.l.LifecycleMappingFactory - Using org.eclipse.m2e.jdt.JarLifecycleMapping lifecycle mapping for MavenProject: com.games.app:UNO:0.0.1-SNAPSHOT @ /home/cain/uno/UNO/pom.xml.
2025-02-26 23:23:45,475 [Worker-13: Creating maven-archetype-quickstart] INFO  o.e.m.j.i.AbstractJavaProjectConfigurator - Adding source folder /UNO/src/main/java
2025-02-26 23:23:45,477 [Worker-13: Creating maven-archetype-quickstart] INFO  o.e.m.j.i.AbstractJavaProjectConfigurator - Adding resource folder /UNO/src/main/resources
2025-02-26 23:23:45,479 [Worker-13: Creating maven-archetype-quickstart] INFO  o.e.m.j.i.AbstractJavaProjectConfigurator - Adding source folder /UNO/src/test/java
2025-02-26 23:23:45,479 [Worker-13: Creating maven-archetype-quickstart] INFO  o.e.m.j.i.AbstractJavaProjectConfigurator - Adding resource folder /UNO/src/test/resources
2025-02-26 23:23:46,220 [Worker-13: Creating maven-archetype-quickstart] INFO  o.e.m.c.i.p.ProjectConfigurationManager - Imported and configured 1 project(s) in 3 sec
2025-02-26 23:23:47,374 [Worker-15: Building] INFO  o.a.m.s.f.DefaultMavenResourcesFiltering - skip non existing resourceDirectory /home/cain/uno/UNO/src/main/resources
2025-02-26 23:23:47,381 [Worker-15: Building] INFO  o.a.m.s.f.DefaultMavenResourcesFiltering - skip non existing resourceDirectory /home/cain/uno/UNO/src/test/resources
2025-02-26 23:35:23,646 [Worker-19: Building] INFO  o.e.m.c.i.l.LifecycleMappingFactory - Using org.eclipse.m2e.jdt.JarLifecycleMapping lifecycle mapping for MavenProject: com.games.app:UNO:0.0.1-SNAPSHOT @ /home/cain/uno/UNO/pom.xml.
2025-02-26 23:35:24,223 [Worker-19: Building] INFO  o.a.m.s.f.DefaultMavenResourcesFiltering - skip non existing resourceDirectory /home/cain/uno/UNO/src/main/resources
2025-02-26 23:35:24,226 [Worker-19: Building] INFO  o.a.m.s.f.DefaultMavenResourcesFiltering - skip non existing resourceDirectory /home/cain/uno/UNO/src/test/resources
2025-02-26 23:35:25,744 [Worker-21: Building] INFO  o.a.m.s.f.DefaultMavenResourcesFiltering - skip non existing resourceDirectory /home/cain/uno/UNO/src/main/resources
2025-02-26 23:35:25,747 [Worker-21: Building] INFO  o.a.m.s.f.DefaultMavenResourcesFiltering - skip non existing resourceDirectory /home/cain/uno/UNO/src/test/resources
2025-02-26 23:36:43,263 [Worker-18: Building] INFO  o.a.m.s.f.DefaultMavenResourcesFiltering - skip non existing resourceDirectory /home/cain/uno/UNO/src/main/resources
2025-02-26 23:36:43,266 [Worker-18: Building] INFO  o.a.m.s.f.DefaultMavenResourcesFiltering - skip non existing resourceDirectory /home/cain/uno/UNO/src/test/resources
2025-02-26 23:37:03,346 [Worker-18: Building] INFO  o.a.m.s.f.DefaultMavenResourcesFiltering - skip non existing resourceDirectory /home/cain/uno/UNO/src/main/resources
2025-02-26 23:37:03,350 [Worker-18: Building] INFO  o.a.m.s.f.DefaultMavenResourcesFiltering - skip non existing resourceDirectory /home/cain/uno/UNO/src/test/resources
2025-02-26 23:37:57,158 [Worker-3: Building] INFO  o.a.m.s.f.DefaultMavenResourcesFiltering - skip non existing resourceDirectory /home/cain/uno/UNO/src/main/resources
2025-02-26 23:37:57,162 [Worker-3: Building] INFO  o.a.m.s.f.DefaultMavenResourcesFiltering - skip non existing resourceDirectory /home/cain/uno/UNO/src/test/resources
2025-02-27 00:06:11,864 [Worker-22: Building] INFO  o.a.m.s.f.DefaultMavenResourcesFiltering - skip non existing resourceDirectory /home/cain/uno/UNO/src/main/resources
2025-02-27 00:06:11,878 [Worker-22: Building] INFO  o.a.m.s.f.DefaultMavenResourcesFiltering - skip non existing resourceDirectory /home/cain/uno/UNO/src/test/resources
2025-02-27 00:57:05,646 [Worker-33: Building] INFO  o.e.m.c.i.l.LifecycleMappingFactory - Using org.eclipse.m2e.jdt.JarLifecycleMapping lifecycle mapping for MavenProject: com.games.app:UNO:0.0.1-SNAPSHOT @ /home/cain/uno/UNO/pom.xml.
2025-02-27 00:57:06,874 [Worker-33: Building] INFO  o.a.m.s.f.DefaultMavenResourcesFiltering - skip non existing resourceDirectory /home/cain/uno/UNO/src/main/resources
2025-02-27 00:57:06,882 [Worker-33: Building] INFO  o.a.m.s.f.DefaultMavenResourcesFiltering - skip non existing resourceDirectory /home/cain/uno/UNO/src/test/resources
2025-02-27 01:00:47,093 [Worker-37: Building] INFO  o.a.m.s.f.DefaultMavenResourcesFiltering - skip non existing resourceDirectory /home/cain/uno/UNO/src/main/resources
2025-02-27 01:00:47,258 [Worker-37: Building] INFO  o.a.m.s.f.DefaultMavenResourcesFiltering - skip non existing resourceDirectory /home/cain/uno/UNO/src/test/resources
2025-02-27 01:01:15,888 [Worker-36: Building] INFO  o.a.m.s.f.DefaultMavenResourcesFiltering - skip non existing resourceDirectory /home/cain/uno/UNO/src/main/resources
2025-02-27 01:01:15,892 [Worker-36: Building] INFO  o.a.m.s.f.DefaultMavenResourcesFiltering - skip non existing resourceDirectory /home/cain/uno/UNO/src/test/resources
2025-02-27 01:19:18,348 [Worker-40: Building] INFO  o.a.m.s.f.DefaultMavenResourcesFiltering - skip non existing resourceDirectory /home/cain/uno/UNO/src/main/resources
2025-02-27 01:19:18,481 [Worker-40: Building] INFO  o.a.m.s.f.DefaultMavenResourcesFiltering - skip non existing resourceDirectory /home/cain/uno/UNO/src/test/resources
2025-02-27 22:21:06,541 [Worker-9: Loading available Gradle versions] INFO  o.e.b.c.i.u.g.PublishedGradleVersions - Gradle version information cache is up-to-date. Trying to read.
2025-02-27 22:35:11,442 [Worker-21: Building] INFO  o.a.m.s.f.DefaultMavenResourcesFiltering - skip non existing resourceDirectory /home/cain/uno/UNO/src/main/resources
2025-02-27 22:35:11,475 [Worker-21: Building] INFO  o.a.m.s.f.DefaultMavenResourcesFiltering - skip non existing resourceDirectory /home/cain/uno/UNO/src/test/resources
2025-02-27 22:35:17,309 [Worker-26: Building] INFO  o.a.m.s.f.DefaultMavenResourcesFiltering - skip non existing resourceDirectory /home/cain/uno/UNO/src/main/resources
2025-02-27 22:35:17,311 [Worker-26: Building] INFO  o.a.m.s.f.DefaultMavenResourcesFiltering - skip non existing resourceDirectory /home/cain/uno/UNO/src/test/resources
2025-02-28 00:44:24,122 [Worker-53: Building] INFO  o.a.m.s.f.DefaultMavenResourcesFiltering - skip non existing resourceDirectory /home/cain/uno/UNO/src/main/resources
2025-02-28 00:44:24,335 [Worker-53: Building] INFO  o.a.m.s.f.DefaultMavenResourcesFiltering - skip non existing resourceDirectory /home/cain/uno/UNO/src/test/resources
2025-02-28 00:46:14,604 [Worker-65: Building] INFO  o.a.m.s.f.DefaultMavenResourcesFiltering - skip non existing resourceDirectory /home/cain/uno/UNO/src/main/resources
2025-02-28 00:46:14,616 [Worker-65: Building] INFO  o.a.m.s.f.DefaultMavenResourcesFiltering - skip non existing resourceDirectory /home/cain/uno/UNO/src/test/resources
2025-02-28 00:46:49,150 [Worker-65: Building] INFO  o.a.m.s.f.DefaultMavenResourcesFiltering - skip non existing resourceDirectory /home/cain/uno/UNO/src/main/resources
2025-02-28 00:46:49,153 [Worker-65: Building] INFO  o.a.m.s.f.DefaultMavenResourcesFiltering - skip non existing resourceDirectory /home/cain/uno/UNO/src/test/resources
2025-02-28 00:47:20,332 [Worker-65: Building] INFO  o.a.m.s.f.DefaultMavenResourcesFiltering - skip non existing resourceDirectory /home/cain/uno/UNO/src/main/resources
2025-02-28 00:47:20,336 [Worker-65: Building] INFO  o.a.m.s.f.DefaultMavenResourcesFiltering - skip non existing resourceDirectory /home/cain/uno/UNO/src/test/resources
2025-02-28 00:50:53,160 [Worker-64: Building] INFO  o.a.m.s.f.DefaultMavenResourcesFiltering - skip non existing resourceDirectory /home/cain/uno/UNO/src/main/resources
2025-02-28 00:50:53,163 [Worker-64: Building] INFO  o.a.m.s.f.DefaultMavenResourcesFiltering - skip non existing resourceDirectory /home/cain/uno/UNO/src/test/resources
2025-02-28 00:50:57,528 [Worker-61: Building] INFO  o.a.m.s.f.DefaultMavenResourcesFiltering - skip non existing resourceDirectory /home/cain/uno/UNO/src/main/resources
2025-02-28 00:50:57,530 [Worker-61: Building] INFO  o.a.m.s.f.DefaultMavenResourcesFiltering - skip non existing resourceDirectory /home/cain/uno/UNO/src/test/resources
2025-02-28 00:51:01,895 [Worker-64: Building] INFO  o.a.m.s.f.DefaultMavenResourcesFiltering - skip non existing resourceDirectory /home/cain/uno/UNO/src/main/resources
2025-02-28 00:51:01,903 [Worker-64: Building] INFO  o.a.m.s.f.DefaultMavenResourcesFiltering - skip non existing resourceDirectory /home/cain/uno/UNO/src/test/resources
2025-02-28 00:51:05,545 [Worker-67: Building] INFO  o.a.m.s.f.DefaultMavenResourcesFiltering - skip non existing resourceDirectory /home/cain/uno/UNO/src/main/resources
2025-02-28 00:51:05,554 [Worker-67: Building] INFO  o.a.m.s.f.DefaultMavenResourcesFiltering - skip non existing resourceDirectory /home/cain/uno/UNO/src/test/resources
2025-02-28 01:24:21,570 [Worker-84: Building] INFO  o.a.m.s.f.DefaultMavenResourcesFiltering - skip non existing resourceDirectory /home/cain/uno/UNO/src/main/resources
2025-02-28 01:24:21,634 [Worker-84: Building] INFO  o.a.m.s.f.DefaultMavenResourcesFiltering - skip non existing resourceDirectory /home/cain/uno/UNO/src/test/resources
2025-02-28 01:24:33,901 [Worker-85: Building] INFO  o.a.m.s.f.DefaultMavenResourcesFiltering - skip non existing resourceDirectory /home/cain/uno/UNO/src/main/resources
2025-02-28 01:24:33,906 [Worker-85: Building] INFO  o.a.m.s.f.DefaultMavenResourcesFiltering - skip non existing resourceDirectory /home/cain/uno/UNO/src/test/resources
2025-02-28 01:26:25,919 [Worker-85: Building] INFO  o.a.m.s.f.DefaultMavenResourcesFiltering - skip non existing resourceDirectory /home/cain/uno/UNO/src/main/resources
2025-02-28 01:26:25,924 [Worker-85: Building] INFO  o.a.m.s.f.DefaultMavenResourcesFiltering - skip non existing resourceDirectory /home/cain/uno/UNO/src/test/resources
2025-02-28 01:26:33,513 [Worker-85: Building] INFO  o.a.m.s.f.DefaultMavenResourcesFiltering - skip non existing resourceDirectory /home/cain/uno/UNO/src/main/resources
2025-02-28 01:26:33,521 [Worker-85: Building] INFO  o.a.m.s.f.DefaultMavenResourcesFiltering - skip non existing resourceDirectory /home/cain/uno/UNO/src/test/resources
2025-02-28 11:02:17,593 [Worker-19: Building] INFO  o.a.m.s.f.DefaultMavenResourcesFiltering - skip non existing resourceDirectory /home/cain/uno/UNO/src/main/resources
2025-02-28 11:02:17,787 [Worker-19: Building] INFO  o.a.m.s.f.DefaultMavenResourcesFiltering - skip non existing resourceDirectory /home/cain/uno/UNO/src/test/resources
2025-03-02 22:57:19,245 [Worker-28: Building] INFO  o.a.m.s.f.DefaultMavenResourcesFiltering - skip non existing resourceDirectory /home/cain/uno/UNO/src/main/resources
2025-03-02 22:57:21,117 [Worker-28: Building] INFO  o.a.m.s.f.DefaultMavenResourcesFiltering - skip non existing resourceDirectory /home/cain/uno/UNO/src/test/resources
2025-03-03 17:44:31,395 [Worker-9: Building] INFO  o.a.m.s.f.DefaultMavenResourcesFiltering - skip non existing resourceDirectory /home/cain/uno/UNO/src/main/resources
2025-03-03 17:44:31,522 [Worker-9: Building] INFO  o.a.m.s.f.DefaultMavenResourcesFiltering - skip non existing resourceDirectory /home/cain/uno/UNO/src/test/resources
2025-03-03 18:34:16,879 [Worker-28: Building] INFO  o.a.m.s.f.DefaultMavenResourcesFiltering - skip non existing resourceDirectory /home/cain/uno/UNO/src/main/resources
2025-03-03 18:34:16,937 [Worker-28: Building] INFO  o.a.m.s.f.DefaultMavenResourcesFiltering - skip non existing resourceDirectory /home/cain/uno/UNO/src/test/resources
2025-03-03 18:37:40,474 [Worker-33: Building] INFO  o.a.m.s.f.DefaultMavenResourcesFiltering - skip non existing resourceDirectory /home/cain/uno/UNO/src/main/resources
2025-03-03 18:37:40,494 [Worker-33: Building] INFO  o.a.m.s.f.DefaultMavenResourcesFiltering - skip non existing resourceDirectory /home/cain/uno/UNO/src/test/resources
2025-03-03 18:38:11,728 [Worker-34: Building] INFO  o.a.m.s.f.DefaultMavenResourcesFiltering - skip non existing resourceDirectory /home/cain/uno/UNO/src/main/resources
2025-03-03 18:38:11,733 [Worker-34: Building] INFO  o.a.m.s.f.DefaultMavenResourcesFiltering - skip non existing resourceDirectory /home/cain/uno/UNO/src/test/resources
2025-03-03 18:38:13,358 [Worker-34: Loading available Gradle versions] INFO  o.e.b.c.i.u.g.PublishedGradleVersions - Gradle version information cache is out-of-date. Trying to update.
2025-03-03 18:44:10,953 [Worker-35: Building] INFO  o.a.m.s.f.DefaultMavenResourcesFiltering - skip non existing resourceDirectory /home/cain/uno/UNO/src/main/resources
2025-03-03 18:44:10,982 [Worker-35: Building] INFO  o.a.m.s.f.DefaultMavenResourcesFiltering - skip non existing resourceDirectory /home/cain/uno/UNO/src/test/resources
2025-03-03 19:01:01,667 [Worker-43: Building] INFO  o.a.m.s.f.DefaultMavenResourcesFiltering - skip non existing resourceDirectory /home/cain/uno/UNO/src/main/resources
2025-03-03 19:01:01,713 [Worker-43: Building] INFO  o.a.m.s.f.DefaultMavenResourcesFiltering - skip non existing resourceDirectory /home/cain/uno/UNO/src/test/resources
2025-03-03 19:01:35,574 [Worker-46: Building] INFO  o.a.m.s.f.DefaultMavenResourcesFiltering - skip non existing resourceDirectory /home/cain/uno/UNO/src/main/resources
2025-03-03 19:01:35,579 [Worker-46: Building] INFO  o.a.m.s.f.DefaultMavenResourcesFiltering - skip non existing resourceDirectory /home/cain/uno/UNO/src/test/resources
2025-03-03 19:14:42,027 [Worker-53: Building] INFO  o.a.m.s.f.DefaultMavenResourcesFiltering - skip non existing resourceDirectory /home/cain/uno/UNO/src/main/resources
2025-03-03 19:14:42,053 [Worker-53: Building] INFO  o.a.m.s.f.DefaultMavenResourcesFiltering - skip non existing resourceDirectory /home/cain/uno/UNO/src/test/resources
2025-03-06 20:57:40,530 [Worker-1: Loading available Gradle versions] INFO  o.e.b.c.i.u.g.PublishedGradleVersions - Gradle version information cache is out-of-date. Trying to update.
2025-03-06 20:57:59,198 [Worker-1: Building] INFO  o.a.m.s.f.DefaultMavenResourcesFiltering - skip non existing resourceDirectory /home/cain/uno/UNO/src/main/resources
2025-03-06 20:57:59,204 [Worker-1: Building] INFO  o.a.m.s.f.DefaultMavenResourcesFiltering - skip non existing resourceDirectory /home/cain/uno/UNO/src/test/resources
2025-03-06 20:59:00,885 [Worker-18: Building] INFO  o.a.m.s.f.DefaultMavenResourcesFiltering - skip non existing resourceDirectory /home/cain/uno/UNO/src/main/resources
2025-03-06 20:59:00,888 [Worker-18: Building] INFO  o.a.m.s.f.DefaultMavenResourcesFiltering - skip non existing resourceDirectory /home/cain/uno/UNO/src/test/resources
2025-03-06 21:27:49,479 [Worker-25: Building] INFO  o.a.m.s.f.DefaultMavenResourcesFiltering - skip non existing resourceDirectory /home/cain/uno/UNO/src/main/resources
2025-03-06 21:27:49,484 [Worker-25: Building] INFO  o.a.m.s.f.DefaultMavenResourcesFiltering - skip non existing resourceDirectory /home/cain/uno/UNO/src/test/resources
2025-03-06 21:27:53,016 [Worker-25: Building] INFO  o.a.m.s.f.DefaultMavenResourcesFiltering - skip non existing resourceDirectory /home/cain/uno/UNO/src/main/resources
2025-03-06 21:27:53,019 [Worker-25: Building] INFO  o.a.m.s.f.DefaultMavenResourcesFiltering - skip non existing resourceDirectory /home/cain/uno/UNO/src/test/resources
2025-03-06 21:29:20,996 [Worker-25: Building] INFO  o.a.m.s.f.DefaultMavenResourcesFiltering - skip non existing resourceDirectory /home/cain/uno/UNO/src/main/resources
2025-03-06 21:29:21,000 [Worker-25: Building] INFO  o.a.m.s.f.DefaultMavenResourcesFiltering - skip non existing resourceDirectory /home/cain/uno/UNO/src/test/resources
2025-03-06 21:36:22,031 [Worker-30: Building] INFO  o.a.m.s.f.DefaultMavenResourcesFiltering - skip non existing resourceDirectory /home/cain/uno/UNO/src/main/resources
2025-03-06 21:36:22,036 [Worker-30: Building] INFO  o.a.m.s.f.DefaultMavenResourcesFiltering - skip non existing resourceDirectory /home/cain/uno/UNO/src/test/resources
2025-03-06 21:36:56,356 [Worker-26: Building] INFO  o.a.m.s.f.DefaultMavenResourcesFiltering - skip non existing resourceDirectory /home/cain/uno/UNO/src/main/resources
2025-03-06 21:36:56,360 [Worker-26: Building] INFO  o.a.m.s.f.DefaultMavenResourcesFiltering - skip non existing resourceDirectory /home/cain/uno/UNO/src/test/resources
2025-03-06 21:41:39,506 [Worker-33: https://www.codetogether.com/updates/ci/compositeContent.jar] WARN  o.a.h.c.h.p.ResponseProcessCookies - ex-0000000050 Cookie rejected [_cfuvid="LcoIOVR5kj8LUCcpWA5h1BV.1m91sKcyo_d0v2toceQ-1741277499323-0.0.1.1-604800000", domain:cdn.webflow.com, path:/, expiry:null] Illegal 'domain' attribute "cdn.webflow.com". Domain of origin: "www.codetogether.com"
2025-03-06 21:53:15,557 [Worker-37: https://www.codetogether.com/updates/ci/compositeArtifacts.jar] WARN  o.a.h.c.h.p.ResponseProcessCookies - ex-0000000583 Cookie rejected [_cfuvid="0a1AJnNU6zMXidRu1ICZML0pYHHIAz4b6Tp9vFP0KD8-1741278186262-0.0.1.1-604800000", domain:cdn.webflow.com, path:/, expiry:null] Illegal 'domain' attribute "cdn.webflow.com". Domain of origin: "www.codetogether.com"
